imgui_impl_opengl2.obj : error LNK2019: unresolved external symbol __imp_glBindTexture referenced in function "bool __cdecl ImGui_ImplOpenGL2_CreateFontsTexture(void)" (?ImGui_ImplOpenGL2_CreateFontsTexture@@YA_NXZ)
imgui_impl_opengl2.obj : error LNK2019: unresolved external symbol __imp_glBlendFunc referenced in function "void __cdecl ImGui_ImplOpenGL2_SetupRenderState(struct ImDrawData *,int,int)" (?ImGui_ImplOpenGL2_SetupRenderState@@YAXPEAUImDrawData@@HH@Z)
imgui_impl_opengl2.obj : error LNK2019: unresolved external symbol __imp_glColorPointer referenced in function "void __cdecl ImGui_ImplOpenGL2_RenderDrawData(struct ImDrawData *)" (?ImGui_ImplOpenGL2_RenderDrawData@@YAXPEAUImDrawData@@@Z)
imgui_impl_opengl2.obj : error LNK2019: unresolved external symbol __imp_glDeleteTextures referenced in function "void __cdecl ImGui_ImplOpenGL2_DestroyFontsTexture(void)" (?ImGui_ImplOpenGL2_DestroyFontsTexture@@YAXXZ)
imgui_impl_opengl2.obj : error LNK2019: unresolved external symbol __imp_glDisable referenced in function "void __cdecl ImGui_ImplOpenGL2_SetupRenderState(struct ImDrawData *,int,int)" (?ImGui_ImplOpenGL2_SetupRenderState@@YAXPEAUImDrawData@@HH@Z)
imgui_impl_opengl2.obj : error LNK2019: unresolved external symbol __imp_glDisableClientState referenced in function "void __cdecl ImGui_ImplOpenGL2_RenderDrawData(struct ImDrawData *)" (?ImGui_ImplOpenGL2_RenderDrawData@@YAXPEAUImDrawData@@@Z)
imgui_impl_opengl2.obj : error LNK2019: unresolved external symbol __imp_glDrawElements referenced in function "void __cdecl ImGui_ImplOpenGL2_RenderDrawData(struct ImDrawData *)" (?ImGui_ImplOpenGL2_RenderDrawData@@YAXPEAUImDrawData@@@Z)
imgui_impl_opengl2.obj : error LNK2019: unresolved external symbol __imp_glEnable referenced in function "void __cdecl ImGui_ImplOpenGL2_SetupRenderState(struct ImDrawData *,int,int)" (?ImGui_ImplOpenGL2_SetupRenderState@@YAXPEAUImDrawData@@HH@Z)
imgui_impl_opengl2.obj : error LNK2019: unresolved external symbol __imp_glEnableClientState referenced in function "void __cdecl ImGui_ImplOpenGL2_SetupRenderState(struct ImDrawData *,int,int)" (?ImGui_ImplOpenGL2_SetupRenderState@@YAXPEAUImDrawData@@HH@Z)
imgui_impl_opengl2.obj : error LNK2019: unresolved external symbol __imp_glGenTextures referenced in function "bool __cdecl ImGui_ImplOpenGL2_CreateFontsTexture(void)" (?ImGui_ImplOpenGL2_CreateFontsTexture@@YA_NXZ)
imgui_impl_opengl2.obj : error LNK2019: unresolved external symbol __imp_glGetIntegerv referenced in function "bool __cdecl ImGui_ImplOpenGL2_CreateFontsTexture(void)" (?ImGui_ImplOpenGL2_CreateFontsTexture@@YA_NXZ)
imgui_impl_opengl2.obj : error LNK2019: unresolved external symbol __imp_glGetTexEnviv referenced in function "void __cdecl ImGui_ImplOpenGL2_RenderDrawData(struct ImDrawData *)" (?ImGui_ImplOpenGL2_RenderDrawData@@YAXPEAUImDrawData@@@Z)
imgui_impl_opengl2.obj : error LNK2019: unresolved external symbol __imp_glLoadIdentity referenced in function "void __cdecl ImGui_ImplOpenGL2_SetupRenderState(struct ImDrawData *,int,int)" (?ImGui_ImplOpenGL2_SetupRenderState@@YAXPEAUImDrawData@@HH@Z)
imgui_impl_opengl2.obj : error LNK2019: unresolved external symbol __imp_glMatrixMode referenced in function "void __cdecl ImGui_ImplOpenGL2_RenderDrawData(struct ImDrawData *)" (?ImGui_ImplOpenGL2_RenderDrawData@@YAXPEAUImDrawData@@@Z)
imgui_impl_opengl2.obj : error LNK2019: unresolved external symbol __imp_glOrtho referenced in function "void __cdecl ImGui_ImplOpenGL2_SetupRenderState(struct ImDrawData *,int,int)" (?ImGui_ImplOpenGL2_SetupRenderState@@YAXPEAUImDrawData@@HH@Z)
imgui_impl_opengl2.obj : error LNK2019: unresolved external symbol __imp_glPixelStorei referenced in function "bool __cdecl ImGui_ImplOpenGL2_CreateFontsTexture(void)" (?ImGui_ImplOpenGL2_CreateFontsTexture@@YA_NXZ)
imgui_impl_opengl2.obj : error LNK2019: unresolved external symbol __imp_glPolygonMode referenced in function "void __cdecl ImGui_ImplOpenGL2_RenderDrawData(struct ImDrawData *)" (?ImGui_ImplOpenGL2_RenderDrawData@@YAXPEAUImDrawData@@@Z)
imgui_impl_opengl2.obj : error LNK2019: unresolved external symbol __imp_glPopAttrib referenced in function "void __cdecl ImGui_ImplOpenGL2_RenderDrawData(struct ImDrawData *)" (?ImGui_ImplOpenGL2_RenderDrawData@@YAXPEAUImDrawData@@@Z)
imgui_impl_opengl2.obj : error LNK2019: unresolved external symbol __imp_glPopMatrix referenced in function "void __cdecl ImGui_ImplOpenGL2_RenderDrawData(struct ImDrawData *)" (?ImGui_ImplOpenGL2_RenderDrawData@@YAXPEAUImDrawData@@@Z)
imgui_impl_opengl2.obj : error LNK2019: unresolved external symbol __imp_glPushAttrib referenced in function "void __cdecl ImGui_ImplOpenGL2_RenderDrawData(struct ImDrawData *)" (?ImGui_ImplOpenGL2_RenderDrawData@@YAXPEAUImDrawData@@@Z)
imgui_impl_opengl2.obj : error LNK2019: unresolved external symbol __imp_glPushMatrix referenced in function "void __cdecl ImGui_ImplOpenGL2_SetupRenderState(struct ImDrawData *,int,int)" (?ImGui_ImplOpenGL2_SetupRenderState@@YAXPEAUImDrawData@@HH@Z)
imgui_impl_opengl2.obj : error LNK2019: unresolved external symbol __imp_glScissor referenced in function "void __cdecl ImGui_ImplOpenGL2_RenderDrawData(struct ImDrawData *)" (?ImGui_ImplOpenGL2_RenderDrawData@@YAXPEAUImDrawData@@@Z)
imgui_impl_opengl2.obj : error LNK2019: unresolved external symbol __imp_glShadeModel referenced in function "void __cdecl ImGui_ImplOpenGL2_RenderDrawData(struct ImDrawData *)" (?ImGui_ImplOpenGL2_RenderDrawData@@YAXPEAUImDrawData@@@Z)
imgui_impl_opengl2.obj : error LNK2019: unresolved external symbol __imp_glTexCoordPointer referenced in function "void __cdecl ImGui_ImplOpenGL2_RenderDrawData(struct ImDrawData *)" (?ImGui_ImplOpenGL2_RenderDrawData@@YAXPEAUImDrawData@@@Z)
imgui_impl_opengl2.obj : error LNK2019: unresolved external symbol __imp_glTexEnvi referenced in function "void __cdecl ImGui_ImplOpenGL2_RenderDrawData(struct ImDrawData *)" (?ImGui_ImplOpenGL2_RenderDrawData@@YAXPEAUImDrawData@@@Z)
imgui_impl_opengl2.obj : error LNK2019: unresolved external symbol __imp_glTexImage2D referenced in function "bool __cdecl ImGui_ImplOpenGL2_CreateFontsTexture(void)" (?ImGui_ImplOpenGL2_CreateFontsTexture@@YA_NXZ)
imgui_impl_opengl2.obj : error LNK2019: unresolved external symbol __imp_glTexParameteri referenced in function "bool __cdecl ImGui_ImplOpenGL2_CreateFontsTexture(void)" (?ImGui_ImplOpenGL2_CreateFontsTexture@@YA_NXZ)
imgui_impl_opengl2.obj : error LNK2019: unresolved external symbol __imp_glVertexPointer referenced in function "void __cdecl ImGui_ImplOpenGL2_RenderDrawData(struct ImDrawData *)" (?ImGui_ImplOpenGL2_RenderDrawData@@YAXPEAUImDrawData@@@Z)
imgui_impl_opengl2.obj : error LNK2019: unresolved external symbol __imp_glViewport referenced in function "void __cdecl ImGui_ImplOpenGL2_RenderDrawData(struct ImDrawData *)" (?ImGui_ImplOpenGL2_RenderDrawData@@YAXPEAUImDrawData@@@Z)
D:\Code\DreamBerd\aides\x64\Debug\aides.exe : fatal error LNK1120: 29 unresolved externals
