d:\code\dreamberd\aides\vc143.pdb
d:\code\dreamberd\aides\vc143.idb
d:\code\dreamberd\aides\imgui_widgets.obj
d:\code\dreamberd\aides\imgui_tables.obj
d:\code\dreamberd\aides\imgui_impl_opengl2.obj
d:\code\dreamberd\aides\imgui_impl_glfw.obj
d:\code\dreamberd\aides\imgui_draw.obj
d:\code\dreamberd\aides\imgui_demo.obj
d:\code\dreamberd\aides\imgui.obj
d:\code\dreamberd\aides\aides.obj
d:\code\dreamberd\aides\aides.exe
d:\code\dreamberd\aides\aides.pdb
d:\code\dreamberd\aides\aides.vcxproj.filelistabsolute.txt
d:\code\dreamberd\aides\aides.tlog\cl.command.1.tlog
d:\code\dreamberd\aides\aides.tlog\cl.items.tlog
d:\code\dreamberd\aides\aides.tlog\cl.read.1.tlog
d:\code\dreamberd\aides\aides.tlog\cl.write.1.tlog
d:\code\dreamberd\aides\aides.tlog\link.command.1.tlog
d:\code\dreamberd\aides\aides.tlog\link.read.1.tlog
d:\code\dreamberd\aides\aides.tlog\link.write.1.tlog
